<?xml version="1.0" encoding="UTF-8"?>
<!-- Generated by org.testng.reporters.JUnitReportReporter -->
<testsuite hostname="SHAOZIY3" name="com.dashboard.sue.DemoTest" tests="1" failures="0" timestamp="11 Jul 2017 07:34:26 GMT" time="0.020" errors="0">
  <testcase name="f" time="0.020" classname="com.dashboard.sue.DemoTest"/>
</testsuite> <!-- com.dashboard.sue.DemoTest -->
