<?xml version="1.0" encoding="UTF-8"?>
<!-- Generated by org.testng.reporters.JUnitReportReporter -->
<testsuite hostname="SHAOZIY3" name="com.dashboardtest.DemoTest" tests="1" failures="0" timestamp="25 Jul 2017 03:31:14 GMT" time="0.030" errors="0">
  <testcase name="f" time="0.030" classname="com.dashboardtest.DemoTest"/>
</testsuite> <!-- com.dashboardtest.DemoTest -->
